<?xml version="1.0" encoding="UTF-8"?>
<!-- Generated by org.testng.reporters.JUnitReportReporter -->
<testsuite skipped="0" hostname="ZTD-PF16WQSA" name="com.capmo.swaglab.main.Checkout" tests="2" failures="0" timestamp="16 Dec 2021 10:58:37 GMT" time="22.659" errors="0">
  <testcase name="bookItemEnd2End" time="14.539" classname="com.capmo.swaglab.main.Checkout"/>
  <testcase name="validateFilterOrder" time="8.120" classname="com.capmo.swaglab.main.Checkout"/>
</testsuite> <!-- com.capmo.swaglab.main.Checkout -->
