<?xml version="1.0" encoding="UTF-8"?>
<!-- Generated by org.testng.reporters.JUnitReportReporter -->
<testsuite skipped="0" hostname="ZTD-PF16WQSA" name="com.capmo.swaglab.main.Checkout" tests="2" failures="0" timestamp="13 Dec 2021 17:46:37 GMT" time="7.059" errors="0">
  <testcase name="loginToSwagLab" time="7.037" classname="com.capmo.swaglab.main.Checkout"/>
  <testcase name="testE2E" time="0.022" classname="com.capmo.swaglab.main.Checkout"/>
</testsuite> <!-- com.capmo.swaglab.main.Checkout -->
